TN:
SF:src\modules\appointments\services\CreateAppointmentService.ts
FN:75,__decorate
FN:75,__metadata
FN:75,__param
FN:75,__awaiter
FN:75,adopt
FN:75,fulfilled
FN:75,rejected
FN:75,step
FN:75,__generator
FN:75,sent
FN:75,g.<computed>
FN:75,verb
FN:75,step
FN:75,__importDefault
FN:18,CreateAppointmentService
FN:26,CreateAppointmentService.execute
FNF:16
FNH:14
FNDA:1,__decorate
FNDA:1,__metadata
FNDA:2,__param
FNDA:7,__awaiter
FNDA:7,adopt
FNDA:7,fulfilled
FNDA:0,rejected
FNDA:9,step
FNDA:7,__generator
FNDA:7,sent
FNDA:0,g.<computed>
FNDA:21,verb
FNDA:14,step
FNDA:1,__importDefault
FNDA:5,CreateAppointmentService
FNDA:7,CreateAppointmentService.execute
DA:1,1
DA:2,1
DA:3,1
DA:4,1
DA:5,1
DA:6,1
DA:7,1
DA:8,1
DA:9,1
DA:10,1
DA:11,1
DA:12,1
DA:13,1
DA:14,1
DA:15,1
DA:16,1
DA:17,1
DA:18,1
DA:19,5
DA:20,5
DA:21,5
DA:22,5
DA:23,5
DA:24,5
DA:25,1
DA:26,1
DA:27,7
DA:28,7
DA:29,7
DA:30,7
DA:31,7
DA:32,7
DA:33,7
DA:34,1
DA:35,1
DA:36,6
DA:37,7
DA:38,1
DA:39,1
DA:40,5
DA:41,7
DA:42,2
DA:43,2
DA:44,2
DA:45,2
DA:46,3
DA:47,3
DA:48,3
DA:49,3
DA:50,7
DA:51,7
DA:52,1
DA:53,1
DA:54,2
DA:55,2
DA:56,2
DA:57,2
DA:58,2
DA:59,2
DA:60,7
DA:61,7
DA:62,7
DA:63,7
DA:64,7
DA:65,7
DA:66,7
DA:67,7
DA:68,7
DA:69,7
DA:70,7
DA:71,7
DA:72,7
DA:73,1
DA:74,1
DA:75,1
LF:75
LH:75
BRDA:75,0,0,1
BRDA:75,1,0,1
BRDA:75,2,0,0
BRDA:75,3,0,0
BRDA:75,4,0,0
BRDA:75,5,0,0
BRDA:75,6,0,1
BRDA:75,7,0,2
BRDA:75,8,0,2
BRDA:75,9,0,7
BRDA:75,10,0,7
BRDA:75,11,0,0
BRDA:75,12,0,7
BRDA:75,13,0,7
BRDA:75,14,0,6
BRDA:75,15,0,1
BRDA:75,16,0,9
BRDA:75,17,0,2
BRDA:75,18,0,7
BRDA:75,19,0,7
BRDA:75,20,0,7
BRDA:75,21,0,0
BRDA:75,22,0,21
BRDA:75,23,0,14
BRDA:75,24,0,14
BRDA:75,25,0,0
BRDA:75,26,0,28
BRDA:75,27,0,0
BRDA:75,28,0,0
BRDA:75,29,0,0
BRDA:75,30,0,0
BRDA:75,31,0,14
BRDA:75,32,0,14
BRDA:75,33,0,7
BRDA:75,34,0,0
BRDA:75,35,0,0
BRDA:75,36,0,7
BRDA:75,37,0,0
BRDA:75,38,0,2
BRDA:75,39,0,0
BRDA:75,40,0,0
BRDA:75,41,0,0
BRDA:75,42,0,0
BRDA:75,43,0,14
BRDA:75,44,0,9
BRDA:75,45,0,5
BRDA:75,46,0,14
BRDA:75,47,0,7
BRDA:75,48,0,5
BRDA:75,49,0,2
BRDA:75,50,0,0
BRDA:75,51,0,1
BRDA:75,52,0,0
BRDA:17,53,0,1
BRDA:18,54,0,5
BRDA:26,55,0,7
BRDA:75,56,0,7
BRDA:75,57,0,14
BRDA:75,58,0,7
BRDA:33,59,0,1
BRDA:35,60,0,6
BRDA:37,61,0,1
BRDA:39,62,0,5
BRDA:41,63,0,4
BRDA:41,64,0,2
BRDA:45,65,0,3
BRDA:75,66,0,3
BRDA:51,67,0,1
BRDA:53,68,0,2
BRDA:75,69,0,2
BRDA:75,70,0,2
BRF:71
BRH:51
end_of_record
TN:
SF:src\modules\appointments\services\ListProviderAppointmentsService.ts
FN:42,__decorate
FN:42,__metadata
FN:42,__param
FN:42,__awaiter
FN:42,adopt
FN:42,fulfilled
FN:42,rejected
FN:42,step
FN:42,__generator
FN:42,sent
FN:42,g.<computed>
FN:42,verb
FN:42,step
FN:18,ListProviderAppointmentsService
FN:23,ListProviderAppointmentsService.execute
FNF:15
FNH:13
FNDA:1,__decorate
FNDA:1,__metadata
FNDA:1,__param
FNDA:1,__awaiter
FNDA:1,adopt
FNDA:1,fulfilled
FNDA:0,rejected
FNDA:2,step
FNDA:1,__generator
FNDA:1,sent
FNDA:0,g.<computed>
FNDA:3,verb
FNDA:2,step
FNDA:1,ListProviderAppointmentsService
FNDA:1,ListProviderAppointmentsService.execute
DA:1,1
DA:2,1
DA:3,1
DA:4,1
DA:5,1
DA:6,1
DA:7,1
DA:8,1
DA:9,1
DA:10,1
DA:11,1
DA:12,1
DA:13,1
DA:14,1
DA:15,1
DA:16,1
DA:17,1
DA:18,1
DA:19,1
DA:20,1
DA:21,1
DA:22,1
DA:23,1
DA:24,1
DA:25,1
DA:26,1
DA:27,1
DA:28,1
DA:29,1
DA:30,1
DA:31,1
DA:32,1
DA:33,1
DA:34,1
DA:35,1
DA:36,1
DA:37,1
DA:38,1
DA:39,1
DA:40,1
DA:41,1
DA:42,1
LF:42
LH:42
BRDA:42,0,0,1
BRDA:42,1,0,1
BRDA:42,2,0,0
BRDA:42,3,0,0
BRDA:42,4,0,0
BRDA:42,5,0,0
BRDA:42,6,0,1
BRDA:42,7,0,1
BRDA:42,8,0,1
BRDA:42,9,0,1
BRDA:42,10,0,1
BRDA:42,11,0,0
BRDA:42,12,0,1
BRDA:42,13,0,1
BRDA:42,14,0,0
BRDA:42,15,0,2
BRDA:42,16,0,1
BRDA:42,17,0,1
BRDA:42,18,0,1
BRDA:42,19,0,1
BRDA:42,20,0,0
BRDA:42,21,0,3
BRDA:42,22,0,2
BRDA:42,23,0,2
BRDA:42,24,0,0
BRDA:42,25,0,4
BRDA:42,26,0,0
BRDA:42,27,0,0
BRDA:42,28,0,0
BRDA:42,29,0,0
BRDA:42,30,0,2
BRDA:42,31,0,2
BRDA:42,32,0,1
BRDA:42,33,0,0
BRDA:42,34,0,0
BRDA:42,35,0,1
BRDA:42,36,0,0
BRDA:42,37,0,0
BRDA:42,38,0,0
BRDA:42,39,0,0
BRDA:42,40,0,0
BRDA:42,41,0,2
BRDA:42,42,0,0
BRDA:42,43,0,2
BRDA:42,44,0,1
BRDA:42,45,0,0
BRDA:42,46,0,1
BRDA:42,47,0,0
BRDA:17,48,0,1
BRDA:18,49,0,1
BRDA:23,50,0,1
BRDA:42,51,0,1
BRDA:42,52,0,2
BRDA:29,53,0,1
BRDA:42,54,0,1
BRF:55
BRH:33
end_of_record
TN:
SF:src\modules\appointments\services\ListProviderDayAvailabilityService.ts
FN:68,__decorate
FN:68,__metadata
FN:68,__param
FN:68,__awaiter
FN:68,adopt
FN:68,fulfilled
FN:68,rejected
FN:68,step
FN:68,__generator
FN:68,sent
FN:68,g.<computed>
FN:68,verb
FN:68,step
FN:22,ListProviderDayAvailabilityService
FN:27,ListProviderDayAvailabilityService.execute
FNF:15
FNH:13
FNDA:1,__decorate
FNDA:1,__metadata
FNDA:1,__param
FNDA:1,__awaiter
FNDA:1,adopt
FNDA:1,fulfilled
FNDA:0,rejected
FNDA:2,step
FNDA:1,__generator
FNDA:1,sent
FNDA:0,g.<computed>
FNDA:3,verb
FNDA:2,step
FNDA:1,ListProviderDayAvailabilityService
FNDA:1,ListProviderDayAvailabilityService.execute
DA:1,1
DA:2,1
DA:3,1
DA:4,1
DA:5,1
DA:6,1
DA:7,1
DA:8,1
DA:9,1
DA:10,1
DA:11,1
DA:12,1
DA:13,1
DA:14,1
DA:15,1
DA:16,1
DA:17,1
DA:18,1
DA:19,1
DA:20,1
DA:21,1
DA:22,1
DA:23,1
DA:24,1
DA:25,1
DA:26,1
DA:27,1
DA:28,1
DA:29,1
DA:30,1
DA:31,1
DA:32,1
DA:33,1
DA:34,1
DA:35,1
DA:36,1
DA:37,1
DA:38,1
DA:39,1
DA:40,1
DA:41,1
DA:42,1
DA:43,1
DA:44,1
DA:45,1
DA:46,1
DA:47,1
DA:48,1
DA:49,1
DA:50,1
DA:51,10
DA:52,10
DA:53,10
DA:54,10
DA:55,10
DA:56,10
DA:57,10
DA:58,10
DA:59,10
DA:60,10
DA:61,10
DA:62,1
DA:63,1
DA:64,1
DA:65,1
DA:66,1
DA:67,1
DA:68,1
LF:68
LH:68
BRDA:68,0,0,1
BRDA:68,1,0,1
BRDA:68,2,0,0
BRDA:68,3,0,0
BRDA:68,4,0,0
BRDA:68,5,0,0
BRDA:68,6,0,1
BRDA:68,7,0,1
BRDA:68,8,0,1
BRDA:68,9,0,1
BRDA:68,10,0,1
BRDA:68,11,0,0
BRDA:68,12,0,1
BRDA:68,13,0,1
BRDA:68,14,0,0
BRDA:68,15,0,2
BRDA:68,16,0,1
BRDA:68,17,0,1
BRDA:68,18,0,1
BRDA:68,19,0,1
BRDA:68,20,0,0
BRDA:68,21,0,3
BRDA:68,22,0,2
BRDA:68,23,0,2
BRDA:68,24,0,0
BRDA:68,25,0,4
BRDA:68,26,0,0
BRDA:68,27,0,0
BRDA:68,28,0,0
BRDA:68,29,0,0
BRDA:68,30,0,2
BRDA:68,31,0,2
BRDA:68,32,0,1
BRDA:68,33,0,0
BRDA:68,34,0,0
BRDA:68,35,0,1
BRDA:68,36,0,0
BRDA:68,37,0,0
BRDA:68,38,0,0
BRDA:68,39,0,0
BRDA:68,40,0,0
BRDA:68,41,0,2
BRDA:68,42,0,0
BRDA:68,43,0,2
BRDA:68,44,0,1
BRDA:68,45,0,0
BRDA:68,46,0,1
BRDA:68,47,0,0
BRDA:21,48,0,1
BRDA:22,49,0,1
BRDA:27,50,0,1
BRDA:68,51,0,1
BRDA:68,52,0,2
BRDA:33,53,0,1
BRDA:68,54,0,1
BRDA:46,55,0,10
BRDA:50,56,0,10
BRDA:60,57,0,8
BRDA:52,58,0,19
BRF:59
BRH:37
end_of_record
TN:
SF:src\modules\appointments\services\ListProviderMonthAvailabilityService.ts
FN:61,__decorate
FN:61,__metadata
FN:61,__param
FN:61,__awaiter
FN:61,adopt
FN:61,fulfilled
FN:61,rejected
FN:61,step
FN:61,__generator
FN:61,sent
FN:61,g.<computed>
FN:61,verb
FN:61,step
FN:21,ListProviderMonthAvailabilityService
FN:26,ListProviderMonthAvailabilityService.execute
FNF:15
FNH:13
FNDA:1,__decorate
FNDA:1,__metadata
FNDA:1,__param
FNDA:1,__awaiter
FNDA:1,adopt
FNDA:1,fulfilled
FNDA:0,rejected
FNDA:2,step
FNDA:1,__generator
FNDA:1,sent
FNDA:0,g.<computed>
FNDA:3,verb
FNDA:2,step
FNDA:1,ListProviderMonthAvailabilityService
FNDA:1,ListProviderMonthAvailabilityService.execute
DA:1,1
DA:2,1
DA:3,1
DA:4,1
DA:5,1
DA:6,1
DA:7,1
DA:8,1
DA:9,1
DA:10,1
DA:11,1
DA:12,1
DA:13,1
DA:14,1
DA:15,1
DA:16,1
DA:17,1
DA:18,1
DA:19,1
DA:20,1
DA:21,1
DA:22,1
DA:23,1
DA:24,1
DA:25,1
DA:26,1
DA:27,1
DA:28,1
DA:29,1
DA:30,1
DA:31,1
DA:32,1
DA:33,1
DA:34,1
DA:35,1
DA:36,1
DA:37,1
DA:38,1
DA:39,1
DA:40,1
DA:41,1
DA:42,1
DA:43,1
DA:44,1
DA:45,1
DA:46,1
DA:47,31
DA:48,341
DA:49,31
DA:50,31
DA:51,31
DA:52,31
DA:53,31
DA:54,31
DA:55,1
DA:56,1
DA:57,1
DA:58,1
DA:59,1
DA:60,1
DA:61,1
LF:61
LH:61
BRDA:61,0,0,1
BRDA:61,1,0,1
BRDA:61,2,0,0
BRDA:61,3,0,0
BRDA:61,4,0,0
BRDA:61,5,0,0
BRDA:61,6,0,1
BRDA:61,7,0,1
BRDA:61,8,0,1
BRDA:61,9,0,1
BRDA:61,10,0,1
BRDA:61,11,0,0
BRDA:61,12,0,1
BRDA:61,13,0,1
BRDA:61,14,0,0
BRDA:61,15,0,2
BRDA:61,16,0,1
BRDA:61,17,0,1
BRDA:61,18,0,1
BRDA:61,19,0,1
BRDA:61,20,0,0
BRDA:61,21,0,3
BRDA:61,22,0,2
BRDA:61,23,0,2
BRDA:61,24,0,0
BRDA:61,25,0,4
BRDA:61,26,0,0
BRDA:61,27,0,0
BRDA:61,28,0,0
BRDA:61,29,0,0
BRDA:61,30,0,2
BRDA:61,31,0,2
BRDA:61,32,0,1
BRDA:61,33,0,0
BRDA:61,34,0,0
BRDA:61,35,0,1
BRDA:61,36,0,0
BRDA:61,37,0,0
BRDA:61,38,0,0
BRDA:61,39,0,0
BRDA:61,40,0,0
BRDA:61,41,0,2
BRDA:61,42,0,0
BRDA:61,43,0,2
BRDA:61,44,0,1
BRDA:61,45,0,0
BRDA:61,46,0,1
BRDA:61,47,0,0
BRDA:20,48,0,1
BRDA:21,49,0,1
BRDA:26,50,0,1
BRDA:61,51,0,1
BRDA:61,52,0,2
BRDA:31,53,0,1
BRDA:61,54,0,1
BRDA:43,55,0,31
BRDA:46,56,0,31
BRDA:47,57,0,341
BRF:58
BRH:36
end_of_record
TN:
SF:src\modules\appointments\services\ListProvidersService.ts
FN:26,__decorate
FN:26,__metadata
FN:26,__param
FN:26,__awaiter
FN:26,adopt
FN:26,fulfilled
FN:26,rejected
FN:26,step
FN:26,__generator
FN:26,sent
FN:26,g.<computed>
FN:26,verb
FN:26,step
FN:12,ListProvidersService
FN:17,ListProvidersService.execute
FNF:15
FNH:13
FNDA:1,__decorate
FNDA:1,__metadata
FNDA:1,__param
FNDA:1,__awaiter
FNDA:1,adopt
FNDA:1,fulfilled
FNDA:0,rejected
FNDA:2,step
FNDA:1,__generator
FNDA:1,sent
FNDA:0,g.<computed>
FNDA:3,verb
FNDA:2,step
FNDA:1,ListProvidersService
FNDA:1,ListProvidersService.execute
DA:1,1
DA:2,1
DA:3,1
DA:4,1
DA:5,1
DA:6,1
DA:7,1
DA:8,1
DA:9,1
DA:10,1
DA:11,1
DA:12,1
DA:13,1
DA:14,1
DA:15,1
DA:16,1
DA:17,1
DA:18,1
DA:19,1
DA:20,1
DA:21,1
DA:22,1
DA:23,1
DA:24,1
DA:25,1
DA:26,1
LF:26
LH:26
BRDA:26,0,0,1
BRDA:26,1,0,1
BRDA:26,2,0,0
BRDA:26,3,0,0
BRDA:26,4,0,0
BRDA:26,5,0,0
BRDA:26,6,0,1
BRDA:26,7,0,1
BRDA:26,8,0,1
BRDA:26,9,0,1
BRDA:26,10,0,1
BRDA:26,11,0,0
BRDA:26,12,0,1
BRDA:26,13,0,1
BRDA:26,14,0,0
BRDA:26,15,0,2
BRDA:26,16,0,1
BRDA:26,17,0,1
BRDA:26,18,0,1
BRDA:26,19,0,1
BRDA:26,20,0,0
BRDA:26,21,0,3
BRDA:26,22,0,2
BRDA:26,23,0,2
BRDA:26,24,0,0
BRDA:26,25,0,4
BRDA:26,26,0,0
BRDA:26,27,0,0
BRDA:26,28,0,0
BRDA:26,29,0,0
BRDA:26,30,0,2
BRDA:26,31,0,2
BRDA:26,32,0,1
BRDA:26,33,0,0
BRDA:26,34,0,0
BRDA:26,35,0,1
BRDA:26,36,0,0
BRDA:26,37,0,0
BRDA:26,38,0,0
BRDA:26,39,0,0
BRDA:26,40,0,0
BRDA:26,41,0,2
BRDA:26,42,0,0
BRDA:26,43,0,2
BRDA:26,44,0,1
BRDA:26,45,0,0
BRDA:26,46,0,1
BRDA:26,47,0,0
BRDA:11,48,0,1
BRDA:12,49,0,1
BRDA:17,50,0,1
BRDA:26,51,0,1
BRDA:26,52,0,2
BRDA:18,53,0,1
BRDA:26,54,0,1
BRF:55
BRH:33
end_of_record
TN:
SF:src\modules\users\services\AuthenticateUserService.ts
FN:61,__decorate
FN:61,__metadata
FN:61,__param
FN:61,__awaiter
FN:61,adopt
FN:61,fulfilled
FN:61,rejected
FN:61,step
FN:61,__generator
FN:61,sent
FN:61,g.<computed>
FN:61,verb
FN:61,step
FN:61,__importDefault
FN:23,AuthenticateUserService
FN:31,AuthenticateUserService.execute
FNF:16
FNH:14
FNDA:1,__decorate
FNDA:1,__metadata
FNDA:2,__param
FNDA:3,__awaiter
FNDA:5,adopt
FNDA:5,fulfilled
FNDA:0,rejected
FNDA:6,step
FNDA:3,__generator
FNDA:5,sent
FNDA:0,g.<computed>
FNDA:9,verb
FNDA:8,step
FNDA:2,__importDefault
FNDA:3,AuthenticateUserService
FNDA:3,AuthenticateUserService.execute
DA:1,1
DA:2,1
DA:3,1
DA:4,1
DA:5,1
DA:6,1
DA:7,1
DA:8,1
DA:9,1
DA:10,1
DA:11,1
DA:12,1
DA:13,1
DA:14,1
DA:15,1
DA:16,1
DA:17,1
DA:18,1
DA:19,1
DA:20,1
DA:21,1
DA:22,1
DA:23,1
DA:24,3
DA:25,3
DA:26,3
DA:27,3
DA:28,3
DA:29,3
DA:30,1
DA:31,1
DA:32,3
DA:33,3
DA:34,3
DA:35,1
DA:36,1
DA:37,2
DA:38,2
DA:39,2
DA:40,2
DA:41,2
DA:42,3
DA:43,3
DA:44,1
DA:45,1
DA:46,1
DA:47,1
DA:48,1
DA:49,1
DA:50,1
DA:51,1
DA:52,1
DA:53,1
DA:54,1
DA:55,1
DA:56,1
DA:57,1
DA:58,3
DA:59,1
DA:60,1
DA:61,1
LF:61
LH:61
BRDA:61,0,0,1
BRDA:61,1,0,1
BRDA:61,2,0,0
BRDA:61,3,0,0
BRDA:61,4,0,0
BRDA:61,5,0,0
BRDA:61,6,0,1
BRDA:61,7,0,2
BRDA:61,8,0,2
BRDA:61,9,0,3
BRDA:61,10,0,5
BRDA:61,11,0,0
BRDA:61,12,0,3
BRDA:61,13,0,5
BRDA:61,14,0,3
BRDA:61,15,0,2
BRDA:61,16,0,6
BRDA:61,17,0,1
BRDA:61,18,0,5
BRDA:61,19,0,3
BRDA:61,20,0,5
BRDA:61,21,0,0
BRDA:61,22,0,9
BRDA:61,23,0,8
BRDA:61,24,0,8
BRDA:61,25,0,0
BRDA:61,26,0,16
BRDA:61,27,0,0
BRDA:61,28,0,0
BRDA:61,29,0,0
BRDA:61,30,0,0
BRDA:61,31,0,8
BRDA:61,32,0,8
BRDA:61,33,0,5
BRDA:61,34,0,0
BRDA:61,35,0,0
BRDA:61,36,0,3
BRDA:61,37,0,0
BRDA:61,38,0,1
BRDA:61,39,0,0
BRDA:61,40,0,0
BRDA:61,41,0,0
BRDA:61,42,0,0
BRDA:61,43,0,8
BRDA:61,44,0,6
BRDA:61,45,0,2
BRDA:61,46,0,8
BRDA:61,47,0,3
BRDA:61,48,0,2
BRDA:61,49,0,1
BRDA:61,50,0,0
BRDA:61,51,0,2
BRDA:61,52,0,0
BRDA:22,53,0,1
BRDA:23,54,0,3
BRDA:31,55,0,3
BRDA:61,56,0,3
BRDA:61,57,0,8
BRDA:32,58,0,3
BRDA:61,59,0,3
BRDA:34,60,0,1
BRDA:36,61,0,2
BRDA:61,62,0,2
BRDA:43,63,0,1
BRF:64
BRH:44
end_of_record
TN:
SF:src\modules\users\services\CreateUserService.ts
FN:43,__decorate
FN:43,__metadata
FN:43,__param
FN:43,__awaiter
FN:43,adopt
FN:43,fulfilled
FN:43,rejected
FN:43,step
FN:43,__generator
FN:43,sent
FN:43,g.<computed>
FN:43,verb
FN:43,step
FN:43,__importDefault
FN:16,CreateUserService
FN:24,CreateUserService.execute
FNF:16
FNH:14
FNDA:2,__decorate
FNDA:2,__metadata
FNDA:4,__param
FNDA:5,__awaiter
FNDA:13,adopt
FNDA:13,fulfilled
FNDA:0,rejected
FNDA:17,step
FNDA:5,__generator
FNDA:13,sent
FNDA:0,g.<computed>
FNDA:15,verb
FNDA:18,step
FNDA:2,__importDefault
FNDA:5,CreateUserService
FNDA:5,CreateUserService.execute
DA:1,1
DA:2,1
DA:3,1
DA:4,1
DA:5,1
DA:6,1
DA:7,1
DA:8,1
DA:9,1
DA:10,1
DA:11,1
DA:12,1
DA:13,1
DA:14,1
DA:15,2
DA:16,2
DA:17,5
DA:18,5
DA:19,5
DA:20,5
DA:21,5
DA:22,5
DA:23,2
DA:24,2
DA:25,5
DA:26,5
DA:27,5
DA:28,1
DA:29,1
DA:30,4
DA:31,4
DA:32,5
DA:33,5
DA:34,5
DA:35,5
DA:36,5
DA:37,5
DA:38,5
DA:39,5
DA:40,5
DA:41,2
DA:42,1
DA:43,1
LF:43
LH:43
BRDA:43,0,0,2
BRDA:43,1,0,2
BRDA:43,2,0,0
BRDA:43,3,0,0
BRDA:43,4,0,0
BRDA:43,5,0,0
BRDA:43,6,0,2
BRDA:43,7,0,4
BRDA:43,8,0,4
BRDA:43,9,0,5
BRDA:43,10,0,13
BRDA:43,11,0,0
BRDA:43,12,0,5
BRDA:43,13,0,13
BRDA:43,14,0,12
BRDA:43,15,0,1
BRDA:43,16,0,17
BRDA:43,17,0,4
BRDA:43,18,0,13
BRDA:43,19,0,5
BRDA:43,20,0,13
BRDA:43,21,0,0
BRDA:43,22,0,15
BRDA:43,23,0,18
BRDA:43,24,0,18
BRDA:43,25,0,0
BRDA:43,26,0,36
BRDA:43,27,0,0
BRDA:43,28,0,0
BRDA:43,29,0,0
BRDA:43,30,0,0
BRDA:43,31,0,18
BRDA:43,32,0,18
BRDA:43,33,0,13
BRDA:43,34,0,0
BRDA:43,35,0,0
BRDA:43,36,0,5
BRDA:43,37,0,0
BRDA:43,38,0,4
BRDA:43,39,0,0
BRDA:43,40,0,0
BRDA:43,41,0,0
BRDA:43,42,0,0
BRDA:43,43,0,28
BRDA:43,44,0,18
BRDA:43,45,0,17
BRDA:43,46,0,1
BRDA:43,47,0,18
BRDA:43,48,0,5
BRDA:43,49,0,1
BRDA:43,50,0,4
BRDA:43,51,0,0
BRDA:43,52,0,2
BRDA:43,53,0,0
BRDA:15,54,0,2
BRDA:16,55,0,5
BRDA:24,56,0,5
BRDA:43,57,0,5
BRDA:43,58,0,18
BRDA:25,59,0,5
BRDA:43,60,0,5
BRDA:27,61,0,1
BRDA:29,62,0,4
BRDA:43,63,0,4
BRDA:43,64,0,4
BRF:65
BRH:45
end_of_record
TN:
SF:src\modules\users\services\ResetPasswordService.ts
FN:56,__decorate
FN:56,__metadata
FN:56,__param
FN:56,__awaiter
FN:56,adopt
FN:56,fulfilled
FN:56,rejected
FN:56,step
FN:56,__generator
FN:56,sent
FN:56,g.<computed>
FN:56,verb
FN:56,step
FN:56,__importDefault
FN:18,ResetPasswordService
FN:29,ResetPasswordService.execute
FNF:16
FNH:14
FNDA:1,__decorate
FNDA:1,__metadata
FNDA:3,__param
FNDA:4,__awaiter
FNDA:9,adopt
FNDA:9,fulfilled
FNDA:0,rejected
FNDA:10,step
FNDA:4,__generator
FNDA:9,sent
FNDA:0,g.<computed>
FNDA:12,verb
FNDA:13,step
FNDA:1,__importDefault
FNDA:4,ResetPasswordService
FNDA:4,ResetPasswordService.execute
DA:1,1
DA:2,1
DA:3,1
DA:4,1
DA:5,1
DA:6,1
DA:7,1
DA:8,1
DA:9,1
DA:10,1
DA:11,1
DA:12,1
DA:13,1
DA:14,1
DA:15,1
DA:16,1
DA:17,1
DA:18,1
DA:19,4
DA:20,4
DA:21,4
DA:22,4
DA:23,4
DA:24,4
DA:25,4
DA:26,4
DA:27,4
DA:28,1
DA:29,1
DA:30,4
DA:31,4
DA:32,4
DA:33,1
DA:34,1
DA:35,3
DA:36,3
DA:37,4
DA:38,4
DA:39,1
DA:40,1
DA:41,2
DA:42,2
DA:43,2
DA:44,2
DA:45,2
DA:46,4
DA:47,1
DA:48,1
DA:49,1
DA:50,1
DA:51,4
DA:52,4
DA:53,4
DA:54,1
DA:55,1
DA:56,1
LF:56
LH:56
BRDA:56,0,0,1
BRDA:56,1,0,1
BRDA:56,2,0,0
BRDA:56,3,0,0
BRDA:56,4,0,0
BRDA:56,5,0,0
BRDA:56,6,0,1
BRDA:56,7,0,3
BRDA:56,8,0,3
BRDA:56,9,0,4
BRDA:56,10,0,9
BRDA:56,11,0,0
BRDA:56,12,0,4
BRDA:56,13,0,9
BRDA:56,14,0,6
BRDA:56,15,0,3
BRDA:56,16,0,10
BRDA:56,17,0,1
BRDA:56,18,0,9
BRDA:56,19,0,4
BRDA:56,20,0,9
BRDA:56,21,0,0
BRDA:56,22,0,12
BRDA:56,23,0,13
BRDA:56,24,0,13
BRDA:56,25,0,0
BRDA:56,26,0,26
BRDA:56,27,0,0
BRDA:56,28,0,0
BRDA:56,29,0,0
BRDA:56,30,0,0
BRDA:56,31,0,13
BRDA:56,32,0,13
BRDA:56,33,0,9
BRDA:56,34,0,0
BRDA:56,35,0,0
BRDA:56,36,0,4
BRDA:56,37,0,0
BRDA:56,38,0,1
BRDA:56,39,0,0
BRDA:56,40,0,0
BRDA:56,41,0,0
BRDA:56,42,0,0
BRDA:56,43,0,13
BRDA:56,44,0,10
BRDA:56,45,0,3
BRDA:56,46,0,13
BRDA:56,47,0,4
BRDA:56,48,0,3
BRDA:56,49,0,1
BRDA:56,50,0,0
BRDA:56,51,0,1
BRDA:56,52,0,0
BRDA:17,53,0,1
BRDA:18,54,0,4
BRDA:29,55,0,4
BRDA:56,56,0,4
BRDA:56,57,0,13
BRDA:30,58,0,4
BRDA:56,59,0,4
BRDA:32,60,0,1
BRDA:34,61,0,3
BRDA:56,62,0,3
BRDA:38,63,0,1
BRDA:40,64,0,2
BRDA:46,65,0,1
BRDA:56,66,0,1
BRDA:56,67,0,1
BRF:68
BRH:48
end_of_record
TN:
SF:src\modules\users\services\SendForgotPasswordEmailService.ts
FN:59,__decorate
FN:59,__metadata
FN:59,__param
FN:59,__awaiter
FN:59,adopt
FN:59,fulfilled
FN:59,rejected
FN:59,step
FN:59,__generator
FN:59,sent
FN:59,g.<computed>
FN:59,verb
FN:59,step
FN:59,__importDefault
FN:15,SendForgotPasswordEmailService
FN:26,SendForgotPasswordEmailService.execute
FNF:16
FNH:14
FNDA:1,__decorate
FNDA:1,__metadata
FNDA:3,__param
FNDA:4,__awaiter
FNDA:8,adopt
FNDA:8,fulfilled
FNDA:0,rejected
FNDA:10,step
FNDA:4,__generator
FNDA:8,sent
FNDA:0,g.<computed>
FNDA:12,verb
FNDA:12,step
FNDA:2,__importDefault
FNDA:3,SendForgotPasswordEmailService
FNDA:4,SendForgotPasswordEmailService.execute
DA:1,1
DA:2,1
DA:3,1
DA:4,1
DA:5,1
DA:6,1
DA:7,1
DA:8,1
DA:9,1
DA:10,1
DA:11,1
DA:12,1
DA:13,1
DA:14,1
DA:15,1
DA:16,3
DA:17,3
DA:18,3
DA:19,3
DA:20,3
DA:21,3
DA:22,3
DA:23,3
DA:24,3
DA:25,1
DA:26,1
DA:27,4
DA:28,4
DA:29,4
DA:30,2
DA:31,2
DA:32,2
DA:33,2
DA:34,4
DA:35,4
DA:36,4
DA:37,4
DA:38,4
DA:39,4
DA:40,4
DA:41,4
DA:42,4
DA:43,4
DA:44,4
DA:45,4
DA:46,4
DA:47,4
DA:48,4
DA:49,4
DA:50,4
DA:51,4
DA:52,4
DA:53,4
DA:54,4
DA:55,4
DA:56,4
DA:57,1
DA:58,1
DA:59,1
LF:59
LH:59
BRDA:59,0,0,1
BRDA:59,1,0,1
BRDA:59,2,0,0
BRDA:59,3,0,0
BRDA:59,4,0,0
BRDA:59,5,0,0
BRDA:59,6,0,1
BRDA:59,7,0,3
BRDA:59,8,0,3
BRDA:59,9,0,4
BRDA:59,10,0,8
BRDA:59,11,0,0
BRDA:59,12,0,4
BRDA:59,13,0,8
BRDA:59,14,0,6
BRDA:59,15,0,2
BRDA:59,16,0,10
BRDA:59,17,0,2
BRDA:59,18,0,8
BRDA:59,19,0,4
BRDA:59,20,0,8
BRDA:59,21,0,0
BRDA:59,22,0,12
BRDA:59,23,0,12
BRDA:59,24,0,12
BRDA:59,25,0,0
BRDA:59,26,0,24
BRDA:59,27,0,0
BRDA:59,28,0,0
BRDA:59,29,0,0
BRDA:59,30,0,0
BRDA:59,31,0,12
BRDA:59,32,0,12
BRDA:59,33,0,8
BRDA:59,34,0,0
BRDA:59,35,0,0
BRDA:59,36,0,4
BRDA:59,37,0,0
BRDA:59,38,0,2
BRDA:59,39,0,0
BRDA:59,40,0,0
BRDA:59,41,0,0
BRDA:59,42,0,0
BRDA:59,43,0,12
BRDA:59,44,0,10
BRDA:59,45,0,2
BRDA:59,46,0,12
BRDA:59,47,0,4
BRDA:59,48,0,2
BRDA:59,49,0,0
BRDA:59,50,0,2
BRDA:59,51,0,1
BRDA:59,52,0,1
BRDA:14,53,0,1
BRDA:15,54,0,3
BRDA:26,55,0,4
BRDA:59,56,0,4
BRDA:59,57,0,12
BRDA:27,58,0,4
BRDA:59,59,0,4
BRDA:29,60,0,2
BRDA:59,61,0,2
BRDA:59,62,0,2
BRF:63
BRH:44
end_of_record
TN:
SF:src\modules\users\services\ShowProfileService.ts
FN:29,__decorate
FN:29,__metadata
FN:29,__param
FN:29,__awaiter
FN:29,adopt
FN:29,fulfilled
FN:29,rejected
FN:29,step
FN:29,__generator
FN:29,sent
FN:29,g.<computed>
FN:29,verb
FN:29,step
FN:29,__importDefault
FN:13,ShowProfileService
FN:18,ShowProfileService.execute
FNF:16
FNH:14
FNDA:1,__decorate
FNDA:1,__metadata
FNDA:1,__param
FNDA:2,__awaiter
FNDA:2,adopt
FNDA:2,fulfilled
FNDA:0,rejected
FNDA:3,step
FNDA:2,__generator
FNDA:2,sent
FNDA:0,g.<computed>
FNDA:6,verb
FNDA:4,step
FNDA:1,__importDefault
FNDA:2,ShowProfileService
FNDA:2,ShowProfileService.execute
DA:1,1
DA:2,1
DA:3,1
DA:4,1
DA:5,1
DA:6,1
DA:7,1
DA:8,1
DA:9,1
DA:10,1
DA:11,1
DA:12,1
DA:13,1
DA:14,2
DA:15,2
DA:16,2
DA:17,1
DA:18,1
DA:19,2
DA:20,2
DA:21,2
DA:22,1
DA:23,1
DA:24,1
DA:25,1
DA:26,2
DA:27,1
DA:28,1
DA:29,1
LF:29
LH:29
BRDA:29,0,0,1
BRDA:29,1,0,1
BRDA:29,2,0,0
BRDA:29,3,0,0
BRDA:29,4,0,0
BRDA:29,5,0,0
BRDA:29,6,0,1
BRDA:29,7,0,1
BRDA:29,8,0,1
BRDA:29,9,0,2
BRDA:29,10,0,2
BRDA:29,11,0,0
BRDA:29,12,0,2
BRDA:29,13,0,2
BRDA:29,14,0,1
BRDA:29,15,0,3
BRDA:29,16,0,1
BRDA:29,17,0,2
BRDA:29,18,0,2
BRDA:29,19,0,2
BRDA:29,20,0,0
BRDA:29,21,0,6
BRDA:29,22,0,4
BRDA:29,23,0,4
BRDA:29,24,0,0
BRDA:29,25,0,8
BRDA:29,26,0,0
BRDA:29,27,0,0
BRDA:29,28,0,0
BRDA:29,29,0,0
BRDA:29,30,0,4
BRDA:29,31,0,4
BRDA:29,32,0,2
BRDA:29,33,0,0
BRDA:29,34,0,0
BRDA:29,35,0,2
BRDA:29,36,0,0
BRDA:29,37,0,1
BRDA:29,38,0,0
BRDA:29,39,0,0
BRDA:29,40,0,0
BRDA:29,41,0,0
BRDA:29,42,0,4
BRDA:29,43,0,3
BRDA:29,44,0,1
BRDA:29,45,0,4
BRDA:29,46,0,2
BRDA:29,47,0,1
BRDA:29,48,0,0
BRDA:29,49,0,1
BRDA:29,50,0,0
BRDA:12,51,0,1
BRDA:13,52,0,2
BRDA:18,53,0,2
BRDA:29,54,0,2
BRDA:29,55,0,4
BRDA:19,56,0,2
BRDA:29,57,0,2
BRDA:21,58,0,1
BRF:59
BRH:39
end_of_record
TN:
SF:src\modules\users\services\UpdateProfileService.ts
FN:74,__decorate
FN:74,__metadata
FN:74,__param
FN:74,__awaiter
FN:74,adopt
FN:74,fulfilled
FN:74,rejected
FN:74,step
FN:74,__generator
FN:74,sent
FN:74,g.<computed>
FN:74,verb
FN:74,step
FN:74,__importDefault
FN:19,UpdateProfileService
FN:27,UpdateProfileService.execute
FNF:16
FNH:14
FNDA:1,__decorate
FNDA:1,__metadata
FNDA:2,__param
FNDA:6,__awaiter
FNDA:14,adopt
FNDA:14,fulfilled
FNDA:0,rejected
FNDA:16,step
FNDA:6,__generator
FNDA:14,sent
FNDA:0,g.<computed>
FNDA:18,verb
FNDA:20,step
FNDA:1,__importDefault
FNDA:6,UpdateProfileService
FNDA:6,UpdateProfileService.execute
DA:1,1
DA:2,1
DA:3,1
DA:4,1
DA:5,1
DA:6,1
DA:7,1
DA:8,1
DA:9,1
DA:10,1
DA:11,1
DA:12,1
DA:13,1
DA:14,1
DA:15,1
DA:16,1
DA:17,1
DA:18,1
DA:19,1
DA:20,6
DA:21,6
DA:22,6
DA:23,6
DA:24,6
DA:25,6
DA:26,1
DA:27,1
DA:28,6
DA:29,6
DA:30,6
DA:31,6
DA:32,6
DA:33,6
DA:34,6
DA:35,6
DA:36,6
DA:37,1
DA:38,1
DA:39,5
DA:40,5
DA:41,5
DA:42,5
DA:43,6
DA:44,6
DA:45,1
DA:46,1
DA:47,4
DA:48,4
DA:49,4
DA:50,4
DA:51,6
DA:52,1
DA:53,1
DA:54,1
DA:55,1
DA:56,3
DA:57,6
DA:58,2
DA:59,2
DA:60,2
DA:61,2
DA:62,6
DA:63,6
DA:64,1
DA:65,1
DA:66,1
DA:67,1
DA:68,6
DA:69,6
DA:70,6
DA:71,6
DA:72,1
DA:73,1
DA:74,1
LF:74
LH:74
BRDA:74,0,0,1
BRDA:74,1,0,1
BRDA:74,2,0,0
BRDA:74,3,0,0
BRDA:74,4,0,0
BRDA:74,5,0,0
BRDA:74,6,0,1
BRDA:74,7,0,2
BRDA:74,8,0,2
BRDA:74,9,0,6
BRDA:74,10,0,14
BRDA:74,11,0,0
BRDA:74,12,0,6
BRDA:74,13,0,14
BRDA:74,14,0,10
BRDA:74,15,0,4
BRDA:74,16,0,16
BRDA:74,17,0,2
BRDA:74,18,0,14
BRDA:74,19,0,6
BRDA:74,20,0,14
BRDA:74,21,0,0
BRDA:74,22,0,18
BRDA:74,23,0,20
BRDA:74,24,0,20
BRDA:74,25,0,0
BRDA:74,26,0,41
BRDA:74,27,0,0
BRDA:74,28,0,0
BRDA:74,29,0,0
BRDA:74,30,0,0
BRDA:74,31,0,20
BRDA:74,32,0,20
BRDA:74,33,0,14
BRDA:74,34,0,0
BRDA:74,35,0,0
BRDA:74,36,0,7
BRDA:74,37,0,0
BRDA:74,38,0,3
BRDA:74,39,0,6
BRDA:74,40,0,1
BRDA:74,41,0,0
BRDA:74,42,0,1
BRDA:74,43,0,0
BRDA:74,44,0,0
BRDA:74,45,0,0
BRDA:74,46,0,21
BRDA:74,47,0,17
BRDA:74,48,0,4
BRDA:74,49,0,21
BRDA:74,50,0,6
BRDA:74,51,0,4
BRDA:74,52,0,2
BRDA:74,53,0,0
BRDA:74,54,0,1
BRDA:74,55,0,0
BRDA:18,56,0,1
BRDA:19,57,0,6
BRDA:27,58,0,6
BRDA:74,59,0,6
BRDA:74,60,0,21
BRDA:34,61,0,6
BRDA:74,62,0,6
BRDA:36,63,0,1
BRDA:38,64,0,5
BRDA:74,65,0,5
BRDA:44,66,0,1
BRDA:44,67,0,1
BRDA:46,68,0,4
BRDA:51,69,0,3
BRDA:51,70,0,1
BRDA:55,71,0,3
BRDA:57,72,0,2
BRDA:57,73,0,1
BRDA:57,74,0,2
BRDA:74,75,0,2
BRDA:63,76,0,1
BRDA:74,77,0,1
BRDA:70,78,0,2
BRF:79
BRH:59
end_of_record
TN:
SF:src\modules\users\services\UpdateUserAvatarService.ts
FN:50,__decorate
FN:50,__metadata
FN:50,__param
FN:50,__awaiter
FN:50,adopt
FN:50,fulfilled
FN:50,rejected
FN:50,step
FN:50,__generator
FN:50,sent
FN:50,g.<computed>
FN:50,verb
FN:50,step
FN:50,__importDefault
FN:18,UpdateUserAvatarService
FN:26,UpdateUserAvatarService.execute
FNF:16
FNH:14
FNDA:1,__decorate
FNDA:1,__metadata
FNDA:2,__param
FNDA:4,__awaiter
FNDA:11,adopt
FNDA:11,fulfilled
FNDA:0,rejected
FNDA:14,step
FNDA:4,__generator
FNDA:11,sent
FNDA:0,g.<computed>
FNDA:12,verb
FNDA:15,step
FNDA:1,__importDefault
FNDA:3,UpdateUserAvatarService
FNDA:4,UpdateUserAvatarService.execute
DA:1,1
DA:2,1
DA:3,1
DA:4,1
DA:5,1
DA:6,1
DA:7,1
DA:8,1
DA:9,1
DA:10,1
DA:11,1
DA:12,1
DA:13,1
DA:14,1
DA:15,1
DA:16,1
DA:17,1
DA:18,1
DA:19,3
DA:20,3
DA:21,3
DA:22,3
DA:23,3
DA:24,3
DA:25,1
DA:26,1
DA:27,4
DA:28,4
DA:29,4
DA:30,1
DA:31,1
DA:32,1
DA:33,1
DA:34,1
DA:35,3
DA:36,3
DA:37,1
DA:38,4
DA:39,4
DA:40,4
DA:41,4
DA:42,4
DA:43,4
DA:44,4
DA:45,4
DA:46,4
DA:47,4
DA:48,1
DA:49,1
DA:50,1
LF:50
LH:50
BRDA:50,0,0,1
BRDA:50,1,0,1
BRDA:50,2,0,0
BRDA:50,3,0,0
BRDA:50,4,0,0
BRDA:50,5,0,0
BRDA:50,6,0,1
BRDA:50,7,0,2
BRDA:50,8,0,2
BRDA:50,9,0,4
BRDA:50,10,0,11
BRDA:50,11,0,0
BRDA:50,12,0,4
BRDA:50,13,0,11
BRDA:50,14,0,10
BRDA:50,15,0,1
BRDA:50,16,0,14
BRDA:50,17,0,3
BRDA:50,18,0,11
BRDA:50,19,0,4
BRDA:50,20,0,11
BRDA:50,21,0,0
BRDA:50,22,0,12
BRDA:50,23,0,15
BRDA:50,24,0,15
BRDA:50,25,0,0
BRDA:50,26,0,32
BRDA:50,27,0,0
BRDA:50,28,0,0
BRDA:50,29,0,0
BRDA:50,30,0,0
BRDA:50,31,0,15
BRDA:50,32,0,15
BRDA:50,33,0,11
BRDA:50,34,0,0
BRDA:50,35,0,0
BRDA:50,36,0,6
BRDA:50,37,0,0
BRDA:50,38,0,5
BRDA:50,39,0,4
BRDA:50,40,0,2
BRDA:50,41,0,0
BRDA:50,42,0,2
BRDA:50,43,0,0
BRDA:50,44,0,0
BRDA:50,45,0,0
BRDA:50,46,0,17
BRDA:50,47,0,16
BRDA:50,48,0,1
BRDA:50,49,0,17
BRDA:50,50,0,4
BRDA:50,51,0,1
BRDA:50,52,0,3
BRDA:50,53,0,0
BRDA:50,54,0,1
BRDA:50,55,0,0
BRDA:17,56,0,1
BRDA:18,57,0,3
BRDA:26,58,0,4
BRDA:50,59,0,4
BRDA:50,60,0,17
BRDA:27,61,0,4
BRDA:50,62,0,4
BRDA:29,63,0,1
BRDA:34,64,0,3
BRDA:36,65,0,2
BRDA:36,66,0,1
BRDA:50,67,0,1
BRDA:40,68,0,3
BRDA:50,69,0,3
BRDA:50,70,0,3
BRF:71
BRH:51
end_of_record
